<?xml version="1.0" encoding="UTF-8"?>
<!-- Generated by org.testng.reporters.JUnitReportReporter -->
<testsuite hostname="LTIN174984" failures="0" tests="7" name="testCases.TestCase" time="27.875" errors="0" timestamp="2024-02-29T14:51:45 IST" skipped="0">
  <testcase classname="testCases.TestCase" name="carLoanValidation" time="3.000"/>
  <system-out/>
  <testcase classname="testCases.TestCase" name="homeLoanValidation" time="16.620"/>
  <system-out/>
  <testcase classname="testCases.TestCase" name="UIcheck" time="3.750"/>
  <system-out/>
  <testcase classname="testCases.TestCase" name="emiCalulatorValidation" time="0.777"/>
  <system-out/>
  <testcase classname="testCases.TestCase" name="loanCalculatorUICheck" time="2.230"/>
  <system-out/>
  <testcase classname="testCases.TestCase" name="loanCalulatorValidation" time="0.679"/>
  <system-out/>
  <testcase classname="testCases.TestCase" name="loanTenureCalculator" time="0.819"/>
  <system-out/>
</testsuite> <!-- testCases.TestCase -->
